
> travel-planner@0.1.0 lint
> eslint


C:\Users\yyy\Desktop\travel-planner\app\api\_json.ts
  3:32  error  Unexpected any. Specify a different type  @typescript-eslint/no-explicit-any

C:\Users\yyy\Desktop\travel-planner\app\api\city-adcode\route.ts
  27:30  error  Unexpected any. Specify a different type  @typescript-eslint/no-explicit-any
  69:15  error  Unexpected any. Specify a different type  @typescript-eslint/no-explicit-any

C:\Users\yyy\Desktop\travel-planner\app\api\geocode\route.ts
  109:15  error  Unexpected any. Specify a different type  @typescript-eslint/no-explicit-any

C:\Users\yyy\Desktop\travel-planner\app\api\guide-summary\route.ts
   39:39  error  Unexpected any. Specify a different type  @typescript-eslint/no-explicit-any
  167:53  error  Unexpected any. Specify a different type  @typescript-eslint/no-explicit-any
  193:17  error  Unexpected any. Specify a different type  @typescript-eslint/no-explicit-any
  226:15  error  Unexpected any. Specify a different type  @typescript-eslint/no-explicit-any

C:\Users\yyy\Desktop\travel-planner\app\api\guide\route.ts
   26:22  error    Unexpected any. Specify a different type      @typescript-eslint/no-explicit-any
   31:23  error    Unexpected any. Specify a different type      @typescript-eslint/no-explicit-any
   38:10  warning  'sortByRatingDesc' is defined but never used  @typescript-eslint/no-unused-vars
   71:42  error    Unexpected any. Specify a different type      @typescript-eslint/no-explicit-any
  124:15  error    Unexpected any. Specify a different type      @typescript-eslint/no-explicit-any

C:\Users\yyy\Desktop\travel-planner\app\api\inputtips\route.ts
  71:16  error  Unexpected any. Specify a different type  @typescript-eslint/no-explicit-any
  91:15  error  Unexpected any. Specify a different type  @typescript-eslint/no-explicit-any

C:\Users\yyy\Desktop\travel-planner\app\api\optimize\route.ts
   30:14  error  Unexpected any. Specify a different type              @typescript-eslint/no-explicit-any
  117:15  error  Unexpected any. Specify a different type              @typescript-eslint/no-explicit-any
  174:36  error  Unexpected any. Specify a different type              @typescript-eslint/no-explicit-any
  193:23  error  Unexpected any. Specify a different type              @typescript-eslint/no-explicit-any
  193:31  error  Unexpected any. Specify a different type              @typescript-eslint/no-explicit-any
  426:11  error  'queryCity' is never reassigned. Use 'const' instead  prefer-const
  528:15  error  Unexpected any. Specify a different type              @typescript-eslint/no-explicit-any

C:\Users\yyy\Desktop\travel-planner\app\api\transit\route.ts
  117:15  error  Unexpected any. Specify a different type  @typescript-eslint/no-explicit-any

C:\Users\yyy\Desktop\travel-planner\app\components\GuidePanel.tsx
  3:10  warning  'GuideResp' is defined but never used  @typescript-eslint/no-unused-vars

C:\Users\yyy\Desktop\travel-planner\app\components\InputPanel.tsx
  64:21  error  Unexpected any. Specify a different type  @typescript-eslint/no-explicit-any

C:\Users\yyy\Desktop\travel-planner\app\components\ResultPanel.tsx
  42:48  warning  'idx' is defined but never used  @typescript-eslint/no-unused-vars

C:\Users\yyy\Desktop\travel-planner\app\page.tsx
    3:46  warning  'useMemo' is defined but never used             @typescript-eslint/no-unused-vars
   54:10  warning  'guideData' is assigned a value but never used  @typescript-eslint/no-unused-vars
   60:34  error    Unexpected any. Specify a different type        @typescript-eslint/no-explicit-any
   89:36  error    Unexpected any. Specify a different type        @typescript-eslint/no-explicit-any
  170:17  error    Unexpected any. Specify a different type        @typescript-eslint/no-explicit-any
  224:34  error    Unexpected any. Specify a different type        @typescript-eslint/no-explicit-any
  231:17  error    Unexpected any. Specify a different type        @typescript-eslint/no-explicit-any

C:\Users\yyy\Desktop\travel-planner\app\types.ts
  27:16  error  Unexpected any. Specify a different type  @typescript-eslint/no-explicit-any

C:\Users\yyy\Desktop\travel-planner\utils\index.ts
  10:54  error  Unexpected any. Specify a different type  @typescript-eslint/no-explicit-any
  17:13  error  Unexpected any. Specify a different type  @typescript-eslint/no-explicit-any

鉁?36 problems (31 errors, 5 warnings)

